<?xml version="1.0" encoding="UTF-8"?>
<testng-results skipped="0" failed="0" ignored="0" total="1" passed="1">
  <reporter-output>
  </reporter-output>
  <suite name="Surefire suite" duration-ms="224462" started-at="2019-09-12T19:36:28Z" finished-at="2019-09-12T19:40:13Z">
    <groups>
      <group name="cucumber">
        <method signature="AbstractTestNGCucumberTests.feature(cucumber.api.testng.CucumberFeatureWrapper)[pri:0, instance:Parallel01IT@61dc03ce]" name="feature" class="cucumber.api.testng.AbstractTestNGCucumberTests"/>
      </group> <!-- cucumber -->
    </groups>
    <test name="Surefire test" duration-ms="224462" started-at="2019-09-12T19:36:28Z" finished-at="2019-09-12T19:40:13Z">
      <class name="Parallel01IT">
        <test-method status="PASS" signature="setUpClass()[pri:0, instance:Parallel01IT@61dc03ce]" name="setUpClass" is-config="true" duration-ms="503" started-at="2019-09-12T16:36:28Z" finished-at="2019-09-12T16:36:29Z">
          <reporter-output>
          </reporter-output>
        </test-method> <!-- setUpClass -->
        <test-method status="PASS" signature="feature(cucumber.api.testng.CucumberFeatureWrapper)[pri:0, instance:Parallel01IT@61dc03ce]" name="feature" duration-ms="223294" started-at="2019-09-12T16:36:29Z" description="Runs Cucumber Feature" data-provider="features" finished-at="2019-09-12T16:40:12Z">
          <params>
            <param index="0">
              <value>
                <![CDATA["Enriquecimento"]]>
              </value>
            </param>
          </params>
          <reporter-output>
          </reporter-output>
        </test-method> <!-- feature -->
        <test-method status="PASS" signature="tearDownClass()[pri:0, instance:Parallel01IT@61dc03ce]" name="tearDownClass" is-config="true" duration-ms="513" started-at="2019-09-12T16:40:12Z" finished-at="2019-09-12T16:40:13Z">
          <reporter-output>
          </reporter-output>
        </test-method> <!-- tearDownClass -->
      </class> <!-- Parallel01IT -->
    </test> <!-- Surefire test -->
  </suite> <!-- Surefire suite -->
</testng-results>
